
--- System Status Report 2026-01-15 20:18:55 ---
Uptime: 0:07:21 | Load Avg: 0.0986328125, 0.79150390625, 0.56298828125
CPU Usage: 3.1% | Memory: 27.9% | Disk: 47.6%
Top 3 Memory-Intensive Processes:
- gnome-shell: 9.9%
- mutter-x11-frames: 2.5%
- gsd-xsettings: 2.1%


--- System Status Report 2026-01-15 20:19:06 ---
Uptime: 0:07:32 | Load Avg: 0.0830078125, 0.76513671875, 0.55615234375
CPU Usage: 0.0% | Memory: 27.9% | Disk: 47.6%
Top 3 Memory-Intensive Processes:
- gnome-shell: 9.9%
- mutter-x11-frames: 2.5%
- gsd-xsettings: 2.1%


--- System Status Report 2026-01-15 20:19:17 ---
Uptime: 0:07:43 | Load Avg: 0.06982421875, 0.7392578125, 0.54931640625
CPU Usage: 0.0% | Memory: 27.9% | Disk: 47.6%
Top 3 Memory-Intensive Processes:
- gnome-shell: 9.9%
- mutter-x11-frames: 2.5%
- gsd-xsettings: 2.1%


--- System Status Report 2026-01-15 20:19:29 ---
Uptime: 0:07:55 | Load Avg: 0.05859375, 0.71435546875, 0.54248046875
CPU Usage: 1.0% | Memory: 27.9% | Disk: 47.6%
Top 3 Memory-Intensive Processes:
- gnome-shell: 9.9%
- mutter-x11-frames: 2.5%
- gsd-xsettings: 2.1%


--- System Status Report 2026-01-15 20:19:40 ---
Uptime: 0:08:06 | Load Avg: 0.04931640625, 0.6904296875, 0.53662109375
CPU Usage: 1.0% | Memory: 27.9% | Disk: 47.6%
Top 3 Memory-Intensive Processes:
- gnome-shell: 9.9%
- mutter-x11-frames: 2.5%
- gsd-xsettings: 2.1%

